[1020/122751.996:ERROR:directory_reader_win.cc(43)] FindFirstFile: The system cannot find the path specified. (0x3)
[1020/122752.092:ERROR:filesystem_win.cc(129)] GetFileAttributes C:\Users\User\AppData\Local\CryptoTab Browser\User Data\Crashpad\attachments\79770ed4-96e3-4bcc-800c-67a6e9612409: The system cannot find the path specified. (0x3)
[1020/122752.128:ERROR:filesystem_win.cc(129)] GetFileAttributes C:\Users\User\AppData\Local\CryptoTab Browser\User Data\Crashpad\attachments\639bca89-d802-42c3-aa5d-0e8abcc65575: The system cannot find the path specified. (0x3)
[1020/122752.199:ERROR:filesystem_win.cc(129)] GetFileAttributes C:\Users\User\AppData\Local\CryptoTab Browser\User Data\Crashpad\attachments\cf400f16-a06a-481f-a8b0-0ec002cf6e9d: The system cannot find the path specified. (0x3)
[1020/122752.207:ERROR:filesystem_win.cc(129)] GetFileAttributes C:\Users\User\AppData\Local\CryptoTab Browser\User Data\Crashpad\attachments\8ea8c30d-23c5-4902-92e7-f9325fd5f601: The system cannot find the path specified. (0x3)
[1020/122752.214:ERROR:filesystem_win.cc(129)] GetFileAttributes C:\Users\User\AppData\Local\CryptoTab Browser\User Data\Crashpad\attachments\1de2958c-293b-4e88-9f1f-80e2b6057c3e: The system cannot find the path specified. (0x3)
[1114/192919.904:ERROR:directory_reader_win.cc(43)] FindFirstFile: The system cannot find the path specified. (0x3)
[1114/192920.729:ERROR:filesystem_win.cc(129)] GetFileAttributes C:\Users\User\AppData\Local\CryptoTab Browser\User Data\Crashpad\attachments\0d587d11-2d7d-4edf-a7f0-1f04c9540d60: The system cannot find the path specified. (0x3)
[1114/192920.786:ERROR:filesystem_win.cc(129)] GetFileAttributes C:\Users\User\AppData\Local\CryptoTab Browser\User Data\Crashpad\attachments\dd87028e-918f-438f-88f8-ade04936df7f: The system cannot find the path specified. (0x3)
[1114/192920.793:ERROR:filesystem_win.cc(129)] GetFileAttributes C:\Users\User\AppData\Local\CryptoTab Browser\User Data\Crashpad\attachments\5e763a2a-0514-4c3f-a4cc-c902a8370e51: The system cannot find the path specified. (0x3)
[1114/192920.800:ERROR:filesystem_win.cc(129)] GetFileAttributes C:\Users\User\AppData\Local\CryptoTab Browser\User Data\Crashpad\attachments\d116a1fe-71e2-48e6-ab7d-4ebc8d0b7995: The system cannot find the path specified. (0x3)
[1114/192921.207:ERROR:filesystem_win.cc(129)] GetFileAttributes C:\Users\User\AppData\Local\CryptoTab Browser\User Data\Crashpad\attachments\6f704c02-e1be-42cf-84c0-bdea8593c1e4: The system cannot find the path specified. (0x3)
[1114/192921.239:ERROR:filesystem_win.cc(129)] GetFileAttributes C:\Users\User\AppData\Local\CryptoTab Browser\User Data\Crashpad\attachments\56f9c5f2-6990-4a9a-a983-e6bf9d9b38f2: The system cannot find the path specified. (0x3)
[1114/192921.246:ERROR:filesystem_win.cc(129)] GetFileAttributes C:\Users\User\AppData\Local\CryptoTab Browser\User Data\Crashpad\attachments\ac87aa70-2c8e-452d-8cdf-8a4a2ebac600: The system cannot find the path specified. (0x3)
[1114/192921.252:ERROR:filesystem_win.cc(129)] GetFileAttributes C:\Users\User\AppData\Local\CryptoTab Browser\User Data\Crashpad\attachments\05740a73-56d6-48c0-8d01-bd0c8387ed0e: The system cannot find the path specified. (0x3)
[1114/192921.258:ERROR:filesystem_win.cc(129)] GetFileAttributes C:\Users\User\AppData\Local\CryptoTab Browser\User Data\Crashpad\attachments\1ce66ba2-d8a4-4f47-94e3-b629be89ca7c: The system cannot find the path specified. (0x3)
[1114/192921.296:ERROR:filesystem_win.cc(129)] GetFileAttributes C:\Users\User\AppData\Local\CryptoTab Browser\User Data\Crashpad\attachments\0bd7eabb-cf09-4a9c-be2c-2eb7f555daef: The system cannot find the path specified. (0x3)
[1114/192921.301:ERROR:filesystem_win.cc(129)] GetFileAttributes C:\Users\User\AppData\Local\CryptoTab Browser\User Data\Crashpad\attachments\6b502d58-f6b3-4319-8fac-706135f60922: The system cannot find the path specified. (0x3)
[1114/192921.305:ERROR:filesystem_win.cc(129)] GetFileAttributes C:\Users\User\AppData\Local\CryptoTab Browser\User Data\Crashpad\attachments\400a9140-415d-4cbc-97fe-f9974c55e7bf: The system cannot find the path specified. (0x3)
[1114/192921.311:ERROR:filesystem_win.cc(129)] GetFileAttributes C:\Users\User\AppData\Local\CryptoTab Browser\User Data\Crashpad\attachments\c54b5427-c20c-429d-a932-9bc13d1579cd: The system cannot find the path specified. (0x3)
[1114/201716.814:ERROR:directory_reader_win.cc(43)] FindFirstFile: The system cannot find the path specified. (0x3)
[1114/201716.838:ERROR:filesystem_win.cc(129)] GetFileAttributes C:\Users\User\AppData\Local\CryptoTab Browser\User Data\Crashpad\attachments\868af537-068b-48dd-a5ff-7c6b8fec510d: The system cannot find the path specified. (0x3)
[1114/201716.848:ERROR:filesystem_win.cc(129)] GetFileAttributes C:\Users\User\AppData\Local\CryptoTab Browser\User Data\Crashpad\attachments\03dcc25e-1d99-4445-9cc9-0451d80acc27: The system cannot find the path specified. (0x3)
[1114/201716.855:ERROR:filesystem_win.cc(129)] GetFileAttributes C:\Users\User\AppData\Local\CryptoTab Browser\User Data\Crashpad\attachments\9d0c8c2a-9c31-4207-99c1-672d0c135c15: The system cannot find the path specified. (0x3)
[1114/201716.878:ERROR:filesystem_win.cc(129)] GetFileAttributes C:\Users\User\AppData\Local\CryptoTab Browser\User Data\Crashpad\attachments\4441a8fa-5d1c-4b80-862f-86942c2ac855: The system cannot find the path specified. (0x3)
[1114/201716.886:ERROR:filesystem_win.cc(129)] GetFileAttributes C:\Users\User\AppData\Local\CryptoTab Browser\User Data\Crashpad\attachments\95e71cc0-f288-47ab-8c91-7df538f7970b: The system cannot find the path specified. (0x3)
[1114/201716.894:ERROR:filesystem_win.cc(129)] GetFileAttributes C:\Users\User\AppData\Local\CryptoTab Browser\User Data\Crashpad\attachments\be505869-d289-42ae-912f-9757426f35d6: The system cannot find the path specified. (0x3)
[1114/201716.902:ERROR:filesystem_win.cc(129)] GetFileAttributes C:\Users\User\AppData\Local\CryptoTab Browser\User Data\Crashpad\attachments\4851fbfa-bfe5-4e1a-8f96-81740e4aa2e5: The system cannot find the path specified. (0x3)
[1114/201716.908:ERROR:filesystem_win.cc(129)] GetFileAttributes C:\Users\User\AppData\Local\CryptoTab Browser\User Data\Crashpad\attachments\7ccf3f6c-8ed0-41a2-84f1-52d327ac9198: The system cannot find the path specified. (0x3)
[1114/201716.935:ERROR:filesystem_win.cc(129)] GetFileAttributes C:\Users\User\AppData\Local\CryptoTab Browser\User Data\Crashpad\attachments\75be0084-87b7-498c-8f57-85bb2605d2e7: The system cannot find the path specified. (0x3)
[1114/225040.046:ERROR:process_reader_win.cc(151)] SuspendThread: Access is denied. (0x5)
[1114/225040.252:ERROR:process_reader_win.cc(151)] SuspendThread: Access is denied. (0x5)
[1114/225040.268:ERROR:exception_snapshot_win.cc(99)] thread ID 12396 not found in process
[1114/225040.524:ERROR:scoped_process_suspend.cc(40)] NtResumeProcess: An attempt was made to access an exiting process. (0xc000010a)
